<?xml version="1.0" encoding="utf-8"?><testsuites name="pytest tests"><testsuite name="pytest" errors="0" failures="0" skipped="1" tests="19" time="4.026" timestamp="2026-07-27T16:03:12.372511+08:00" hostname="kmwy01"><testcase classname="tests.p2.test_debug_mixtures" name="test_manifest_count_and_flags" time="0.003" /><testcase classname="tests.p2.test_debug_mixtures" name="test_required_groups" time="0.010" /><testcase classname="tests.p2.test_debug_mixtures" name="test_files_exist_and_sha256" time="0.058" /><testcase classname="tests.p2.test_debug_mixtures" name="test_audio_shapes_and_closure" time="0.066" /><testcase classname="tests.p2.test_debug_mixtures" name="test_activity_mask" time="0.037" /><testcase classname="tests.p2.test_debug_mixtures" name="test_mixture_feeds_model" time="0.095" /><testcase classname="tests.p2.test_dual_tse_smoke" name="test_forward_shape_finite[160]" time="0.051" /><testcase classname="tests.p2.test_dual_tse_smoke" name="test_forward_shape_finite[16000]" time="0.019" /><testcase classname="tests.p2.test_dual_tse_smoke" name="test_forward_shape_finite[57600]" time="0.053" /><testcase classname="tests.p2.test_dual_tse_smoke" name="test_forward_shape_finite[160000]" time="0.138" /><testcase classname="tests.p2.test_dual_tse_smoke" name="test_consistency_projection[160]" time="0.004" /><testcase classname="tests.p2.test_dual_tse_smoke" name="test_consistency_projection[16000]" time="0.017" /><testcase classname="tests.p2.test_dual_tse_smoke" name="test_consistency_projection[57600]" time="0.052" /><testcase classname="tests.p2.test_dual_tse_smoke" name="test_consistency_projection[160000]" time="0.136" /><testcase classname="tests.p2.test_dual_tse_smoke" name="test_backward_and_grads" time="0.053" /><testcase classname="tests.p2.test_dual_tse_smoke" name="test_absent_zero_loss_reserved" time="0.002" /><testcase classname="tests.p2.test_dual_tse_smoke" name="test_api_rejects_bad_input" time="0.002" /><testcase classname="tests.p2.test_dual_tse_smoke" name="test_api_shape_contract" time="0.018" /><testcase classname="tests.p2.test_dual_tse_smoke" name="test_vram_under_6gb" time="0.001"><skipped type="pytest.skip" message="cuda_unavailable(BLOCKED_EXTERNAL)">D:\Users\xuanmo0205\Desktop\funasr-command-recognition\funasr_project\tests\p2\test_dual_tse_smoke.py:112: cuda_unavailable(BLOCKED_EXTERNAL)</skipped></testcase></testsuite></testsuites>